<?xml version="1.0" encoding="UTF-8"?>
<!-- Generated by org.testng.reporters.JUnitReportReporter -->
<testsuite hostname="DESKTOP-KB5NO3L" failures="0" tests="1" name="testClasses.TC03_LoginActionUtils" time="3.036" errors="0" timestamp="2025-02-07T12:20:53 IST" skipped="0">
  <testcase classname="testClasses.TC03_LoginActionUtils" name="verifyActionsOnLoginPage" time="3.036"/>
  <system-out/>
</testsuite> <!-- testClasses.TC03_LoginActionUtils -->
