<?xml version="1.0" encoding="UTF-8"?>
<!-- Generated by org.testng.reporters.JUnitReportReporter -->
<testsuite hostname="DESKTOP-KB5NO3L" failures="0" tests="1" name="testClasses.TC01_RegistrationClass" time="2.010" errors="0" timestamp="2025-01-28T15:32:05 IST" skipped="0">
  <testcase classname="testClasses.TC01_RegistrationClass" name="verify_AccountRegistration" time="2.010"/>
  <system-out/>
</testsuite> <!-- testClasses.TC01_RegistrationClass -->
