<?xml version="1.0" encoding="UTF-8"?>
<!-- Generated by org.testng.reporters.JUnitReportReporter -->
<testsuite hostname="DESKTOP-KB5NO3L" failures="0" tests="1" name="testClasses.TC2_LoginClass" time="1.910" errors="0" timestamp="2025-01-31T14:20:24 IST" skipped="0">
  <testcase classname="testClasses.TC2_LoginClass" name="verify_Login" time="1.910"/>
  <system-out/>
</testsuite> <!-- testClasses.TC2_LoginClass -->
