<?xml version="1.0" encoding="UTF-8"?>
<!-- Generated by org.testng.reporters.JUnitReportReporter -->
<testsuite hostname="DESKTOP-KB5NO3L" failures="0" tests="1" name="testClasses.TC01_RegistrationClass" time="5.229" errors="0" timestamp="2025-02-23T12:41:38 IST" skipped="0">
  <testcase classname="testClasses.TC01_RegistrationClass" name="verify_AccountRegistration" time="5.229"/>
  <system-out/>
</testsuite> <!-- testClasses.TC01_RegistrationClass -->
