<?xml version="1.0" encoding="UTF-8"?>
<!-- Generated by org.testng.reporters.JUnitReportReporter -->
<testsuite hostname="DESKTOP-KB5NO3L" failures="0" tests="1" name="testClasses.TC2_LoginClass" time="3.585" errors="0" timestamp="2025-01-31T14:42:04 IST" skipped="0">
  <testcase classname="testClasses.TC2_LoginClass" name="verify_Login" time="3.585"/>
</testsuite> <!-- testClasses.TC2_LoginClass -->
